[2015-08-05 05:28:21][debug] begin notify
[2015-08-05 05:28:21][debug] <xml><return_code><![CDATA[FAIL]]></return_code><return_msg><![CDATA[xml数据异常！]]></return_msg></xml>
[2015-08-05 05:28:37][debug] begin notify
[2015-08-05 05:28:37][debug] <xml><return_code><![CDATA[FAIL]]></return_code><return_msg><![CDATA[xml数据异常！]]></return_msg></xml>
[2015-08-05 05:29:48][debug] begin notify
[2015-08-05 05:29:48][debug] <xml><return_code><![CDATA[FAIL]]></return_code><return_msg><![CDATA[xml数据异常！]]></return_msg></xml>
[2015-08-05 05:30:10][debug] begin notify
[2015-08-05 05:30:10][debug] <xml><return_code><![CDATA[FAIL]]></return_code><return_msg><![CDATA[xml数据异常！]]></return_msg></xml>
[2015-08-05 05:39:31][debug] begin notify
[2015-08-05 05:39:31][debug] <xml><return_code><![CDATA[FAIL]]></return_code><return_msg><![CDATA[xml数据异常！]]></return_msg></xml>
[2015-08-05 05:54:55][debug] begin notify
[2015-08-05 05:54:55][debug] <xml><return_code><![CDATA[FAIL]]></return_code><return_msg><![CDATA[xml数据异常！]]></return_msg></xml>
[2015-08-05 05:56:15][debug] begin notify
[2015-08-05 05:56:23][debug] begin notify
[2015-08-05 05:56:38][debug] begin notify
[2015-08-05 05:56:45][debug] begin notify
[2015-08-05 05:56:56][debug] begin notify
[2015-08-05 05:57:07][debug] begin notify
[2015-08-05 05:57:07][debug] begin notify
[2015-08-05 05:57:09][debug] begin notify
[2015-08-05 05:57:38][debug] begin notify
[2015-08-05 05:57:38][debug] <xml><return_code><![CDATA[FAIL]]></return_code><return_msg><![CDATA[xml数据异常！]]></return_msg></xml>
[2015-08-05 05:57:55][debug] begin notify
[2015-08-05 05:57:55][debug] <xml><return_code><![CDATA[FAIL]]></return_code><return_msg><![CDATA[xml数据异常！]]></return_msg></xml>
[2015-08-05 05:58:37][debug] begin notify
[2015-08-05 05:58:37][debug] <xml><return_code><![CDATA[FAIL]]></return_code><return_msg><![CDATA[xml数据异常！]]></return_msg></xml>
[2015-08-05 05:58:55][debug] begin notify
[2015-08-05 05:58:55][debug] <xml><return_code><![CDATA[FAIL]]></return_code><return_msg><![CDATA[xml数据异常！]]></return_msg></xml>
[2015-08-05 05:59:04][debug] begin notify
[2015-08-05 05:59:04][debug] <xml><return_code><![CDATA[FAIL]]></return_code><return_msg><![CDATA[xml数据异常！]]></return_msg></xml>
[2015-08-05 06:06:54][debug] begin notify
[2015-08-05 06:06:54][debug] <xml><return_code><![CDATA[FAIL]]></return_code><return_msg><![CDATA[xml数据异常！]]></return_msg></xml>
[2015-08-05 06:07:09][debug] begin notify
[2015-08-05 06:07:09][debug] <xml><return_code><![CDATA[FAIL]]></return_code><return_msg><![CDATA[xml数据异常！]]></return_msg></xml>
[2015-08-05 06:31:26][debug] begin notify
[2015-08-05 06:31:26][debug] <xml><return_code><![CDATA[FAIL]]></return_code><return_msg><![CDATA[xml数据异常！]]></return_msg></xml>
[2015-08-05 06:31:41][debug] begin notify
[2015-08-05 06:31:41][debug] <xml><return_code><![CDATA[FAIL]]></return_code><return_msg><![CDATA[xml数据异常！]]></return_msg></xml>
[2015-08-05 06:31:42][debug] begin notify
[2015-08-05 06:31:42][debug] <xml><return_code><![CDATA[FAIL]]></return_code><return_msg><![CDATA[xml数据异常！]]></return_msg></xml>
[2015-08-05 06:31:42][debug] begin notify
[2015-08-05 06:31:42][debug] <xml><return_code><![CDATA[FAIL]]></return_code><return_msg><![CDATA[xml数据异常！]]></return_msg></xml>
[2015-08-05 06:37:04][debug] begin notify
[2015-08-05 06:37:04][debug] <xml><return_code><![CDATA[FAIL]]></return_code><return_msg><![CDATA[xml数据异常！]]></return_msg></xml>
[2015-08-05 06:37:10][debug] begin notify
[2015-08-05 06:37:10][debug] <xml><return_code><![CDATA[FAIL]]></return_code><return_msg><![CDATA[xml数据异常！]]></return_msg></xml>
[2015-08-05 06:37:37][debug] begin notify
[2015-08-05 06:39:54][debug] begin notify
[2015-08-05 06:39:55][debug] begin notify
[2015-08-05 06:39:55][debug] begin notify
[2015-08-05 06:40:15][debug] begin notify
[2015-08-05 06:40:42][debug] begin notify
[2015-08-05 06:42:33][debug] begin notify
[2015-08-05 06:52:43][debug] begin notify
[2015-08-05 07:04:53][debug] begin notify
[2015-08-05 07:04:53][debug] call back:{"appid":"wxf5e3f7df9c201bf9","attach":"u5faeu4fe1u652fu4ed8","bank_type":"CFT","cash_fee":"1","fee_type":"CNY","is_subscribe":"Y","mch_id":"1242270802","nonce_str":"uizrtovsnhtecepwhexoeg8euwwfw76o","openid":"opkvltw2qWR7jCaqZr-7DtsSZk5U","out_trade_no":"2015080560956","result_code":"SUCCESS","return_code":"SUCCESS","sign":"5D2D8431EB2D6237CF76BD1FFAAC5098","time_end":"20150805142357","total_fee":"1","trade_type":"NATIVE","transaction_id":"1004360236201508050554872842"}
[2015-08-05 07:04:53][debug] query:{"appid":"wxf5e3f7df9c201bf9","attach":"\u5fae\u4fe1\u652f\u4ed8","bank_type":"CFT","cash_fee":"1","fee_type":"CNY","is_subscribe":"Y","mch_id":"1242270802","nonce_str":"LYm5xcv0WI7oZ5qH","openid":"opkvltw2qWR7jCaqZr-7DtsSZk5U","out_trade_no":"2015080560956","result_code":"SUCCESS","return_code":"SUCCESS","return_msg":"OK","sign":"9027723B867A0515911492B992AF128D","time_end":"20150805142357","total_fee":"1","trade_state":"SUCCESS","trade_type":"NATIVE","transaction_id":"1004360236201508050554872842"}
[2015-08-05 07:04:53][debug] <xml><return_code><![CDATA[FAIL]]></return_code><return_msg><![CDATA[xml数据异常！]]></return_msg></xml>
[2015-08-05 07:05:26][debug] begin notify
[2015-08-05 07:05:26][debug] call back:{"appid":"wxf5e3f7df9c201bf9","attach":"u5faeu4fe1u652fu4ed8","bank_type":"CFT","cash_fee":"1","fee_type":"CNY","is_subscribe":"Y","mch_id":"1242270802","nonce_str":"uizrtovsnhtecepwhexoeg8euwwfw76o","openid":"opkvltw2qWR7jCaqZr-7DtsSZk5U","out_trade_no":"2015080560956","result_code":"SUCCESS","return_code":"SUCCESS","sign":"5D2D8431EB2D6237CF76BD1FFAAC5098","time_end":"20150805142357","total_fee":"1","trade_type":"NATIVE","transaction_id":"1004360236201508050554872842"}
[2015-08-05 07:05:39][debug] begin notify
[2015-08-05 07:05:39][debug] call back:{"appid":"wxf5e3f7df9c201bf9","attach":"u5faeu4fe1u652fu4ed8","bank_type":"CFT","cash_fee":"1","fee_type":"CNY","is_subscribe":"Y","mch_id":"1242270802","nonce_str":"uizrtovsnhtecepwhexoeg8euwwfw76o","openid":"opkvltw2qWR7jCaqZr-7DtsSZk5U","out_trade_no":"2015080560956","result_code":"SUCCESS","return_code":"SUCCESS","sign":"5D2D8431EB2D6237CF76BD1FFAAC5098","time_end":"20150805142357","total_fee":"1","trade_type":"NATIVE","transaction_id":"1004360236201508050554872842"}
[2015-08-05 07:05:44][debug] begin notify
[2015-08-05 07:05:44][debug] call back:{"appid":"wxf5e3f7df9c201bf9","attach":"u5faeu4fe1u652fu4ed8","bank_type":"CFT","cash_fee":"1","fee_type":"CNY","is_subscribe":"Y","mch_id":"1242270802","nonce_str":"uizrtovsnhtecepwhexoeg8euwwfw76o","openid":"opkvltw2qWR7jCaqZr-7DtsSZk5U","out_trade_no":"2015080560956","result_code":"SUCCESS","return_code":"SUCCESS","sign":"5D2D8431EB2D6237CF76BD1FFAAC5098","time_end":"20150805142357","total_fee":"1","trade_type":"NATIVE","transaction_id":"1004360236201508050554872842"}
[2015-08-05 07:05:58][debug] begin notify
[2015-08-05 07:05:58][debug] call back:{"appid":"wxf5e3f7df9c201bf9","attach":"u5faeu4fe1u652fu4ed8","bank_type":"CFT","cash_fee":"1","fee_type":"CNY","is_subscribe":"Y","mch_id":"1242270802","nonce_str":"uizrtovsnhtecepwhexoeg8euwwfw76o","openid":"opkvltw2qWR7jCaqZr-7DtsSZk5U","out_trade_no":"2015080560956","result_code":"SUCCESS","return_code":"SUCCESS","sign":"5D2D8431EB2D6237CF76BD1FFAAC5098","time_end":"20150805142357","total_fee":"1","trade_type":"NATIVE","transaction_id":"1004360236201508050554872842"}
[2015-08-05 07:06:03][debug] begin notify
[2015-08-05 07:06:03][debug] call back:{"appid":"wxf5e3f7df9c201bf9","attach":"u5faeu4fe1u652fu4ed8","bank_type":"CFT","cash_fee":"1","fee_type":"CNY","is_subscribe":"Y","mch_id":"1242270802","nonce_str":"uizrtovsnhtecepwhexoeg8euwwfw76o","openid":"opkvltw2qWR7jCaqZr-7DtsSZk5U","out_trade_no":"2015080560956","result_code":"SUCCESS","return_code":"SUCCESS","sign":"5D2D8431EB2D6237CF76BD1FFAAC5098","time_end":"20150805142357","total_fee":"1","trade_type":"NATIVE","transaction_id":"1004360236201508050554872842"}
[2015-08-05 07:06:03][debug] query:{"appid":"wxf5e3f7df9c201bf9","attach":"\u5fae\u4fe1\u652f\u4ed8","bank_type":"CFT","cash_fee":"1","fee_type":"CNY","is_subscribe":"Y","mch_id":"1242270802","nonce_str":"MFmHzn0VqhESPJIo","openid":"opkvltw2qWR7jCaqZr-7DtsSZk5U","out_trade_no":"2015080560956","result_code":"SUCCESS","return_code":"SUCCESS","return_msg":"OK","sign":"26F570C8A4ABF000294ABDA80457BC08","time_end":"20150805142357","total_fee":"1","trade_state":"SUCCESS","trade_type":"NATIVE","transaction_id":"1004360236201508050554872842"}
[2015-08-05 07:06:14][debug] begin notify
[2015-08-05 07:06:14][debug] call back:{"appid":"wxf5e3f7df9c201bf9","attach":"u5faeu4fe1u652fu4ed8","bank_type":"CFT","cash_fee":"1","fee_type":"CNY","is_subscribe":"Y","mch_id":"1242270802","nonce_str":"uizrtovsnhtecepwhexoeg8euwwfw76o","openid":"opkvltw2qWR7jCaqZr-7DtsSZk5U","out_trade_no":"2015080560956","result_code":"SUCCESS","return_code":"SUCCESS","sign":"5D2D8431EB2D6237CF76BD1FFAAC5098","time_end":"20150805142357","total_fee":"1","trade_type":"NATIVE","transaction_id":"1004360236201508050554872842"}
[2015-08-05 07:06:14][debug] query:{"appid":"wxf5e3f7df9c201bf9","attach":"\u5fae\u4fe1\u652f\u4ed8","bank_type":"CFT","cash_fee":"1","fee_type":"CNY","is_subscribe":"Y","mch_id":"1242270802","nonce_str":"UII6S1JarUYuyXmw","openid":"opkvltw2qWR7jCaqZr-7DtsSZk5U","out_trade_no":"2015080560956","result_code":"SUCCESS","return_code":"SUCCESS","return_msg":"OK","sign":"D1D114F74080D7C5E20CD1A29146F904","time_end":"20150805142357","total_fee":"1","trade_state":"SUCCESS","trade_type":"NATIVE","transaction_id":"1004360236201508050554872842"}
[2015-08-05 07:06:14][debug] query:{"appid":"wxf5e3f7df9c201bf9","attach":"\u5fae\u4fe1\u652f\u4ed8","bank_type":"CFT","cash_fee":"1","fee_type":"CNY","is_subscribe":"Y","mch_id":"1242270802","nonce_str":"SHgce8oIydKW3oDm","openid":"opkvltw2qWR7jCaqZr-7DtsSZk5U","out_trade_no":"2015080560956","result_code":"SUCCESS","return_code":"SUCCESS","return_msg":"OK","sign":"74E62D57AF98253397F04E7893D8B11A","time_end":"20150805142357","total_fee":"1","trade_state":"SUCCESS","trade_type":"NATIVE","transaction_id":"1004360236201508050554872842"}
